<?xml version="1.0" encoding="UTF-8"?>
<!-- Generated by org.testng.reporters.JUnitReportReporter -->
<testsuite skipped="0" hostname="ANKU-PC" name="com.testngbasics.Test_DataProvider" tests="3" failures="0" timestamp="10 Mar 2019 07:23:40 GMT" time="59.187" errors="0">
  <testcase name="crmLogin" time="18.097" classname="com.testngbasics.Test_DataProvider"/>
  <testcase name="crmLogin" time="18.823" classname="com.testngbasics.Test_DataProvider"/>
  <testcase name="crmLogin" time="22.267" classname="com.testngbasics.Test_DataProvider"/>
</testsuite> <!-- com.testngbasics.Test_DataProvider -->
