<?xml version="1.0" encoding="UTF-8"?>
<!-- Generated by org.testng.reporters.JUnitReportReporter -->
<testsuite skipped="0" hostname="ANKU-PC" name="com.testngbasics.Test_Basics" tests="3" failures="0" timestamp="10 Mar 2019 07:00:11 GMT" time="131.260" errors="0">
  <testcase name="verifyLogin" time="29.089" classname="com.testngbasics.Test_Basics"/>
  <testcase name="verifyContacts" time="28.339" classname="com.testngbasics.Test_Basics"/>
  <testcase name="verifyLogout" time="73.832" classname="com.testngbasics.Test_Basics"/>
</testsuite> <!-- com.testngbasics.Test_Basics -->
