<?xml version="1.0" encoding="UTF-8"?>
<!-- Generated by org.testng.reporters.JUnitReportReporter -->
<testsuite skipped="0" hostname="ANKU-PC" name="com.testngbasics.Test_DataConsumer" tests="5" failures="0" timestamp="10 Mar 2019 14:46:29 GMT" time="0.023" errors="0">
  <testcase name="loginData" time="0.001" classname="com.testngbasics.Test_DataConsumer"/>
  <testcase name="loginData" time="0.016" classname="com.testngbasics.Test_DataConsumer"/>
  <testcase name="loginData" time="0.003" classname="com.testngbasics.Test_DataConsumer"/>
  <testcase name="homePageData" time="0.001" classname="com.testngbasics.Test_DataConsumer"/>
  <testcase name="homePageData" time="0.002" classname="com.testngbasics.Test_DataConsumer"/>
</testsuite> <!-- com.testngbasics.Test_DataConsumer -->
