<?xml version="1.0" encoding="UTF-8"?>
<!-- Generated by org.testng.reporters.JUnitReportReporter -->
<testsuite skipped="0" hostname="ANKU-PC" name="com.qa.testcases.LoginPageTest" tests="2" failures="0" timestamp="16 Mar 2019 10:06:57 GMT" time="96.988" errors="0">
  <testcase name="verifyLogoTest" time="16.380" classname="com.qa.testcases.LoginPageTest"/>
  <testcase name="verifyLoginTest" time="80.608" classname="com.qa.testcases.LoginPageTest"/>
</testsuite> <!-- com.qa.testcases.LoginPageTest -->
